QuestaSim-64 qrun 2021.1_1 Utility 2021.02 Feb 21 2021
Start time: 11:07:24 on Aug 16,2021
qrun sensor.sv 
QuestaSim-64 vlog 2021.1_1 Compiler 2021.02 Feb 21 2021
Start time: 11:07:24 on Aug 16,2021
vlog sensor.sv -work qrun.out/work -csession=incr -writesessionid "+qrun.out/top_dus" -statslog qrun.out/stats_log 
-- Compiling package sensor_sv_unit
-- Compiling program sensor_reader
** Warning: sensor.sv(13): (vlog-2240) Treating stand-alone use of function 'randomize' as an implicit VOID cast.

Top level modules:
	sensor_reader
End time: 11:07:24 on Aug 16,2021, Elapsed time: 0:00:00
Errors: 0, Warnings: 1
QuestaSim-64 vopt 2021.1_1 Compiler 2021.02 Feb 21 2021
Start time: 11:07:25 on Aug 16,2021
vopt -findtoplevels /home/rsalemi/repos/examples/sensor/qrun.out/work+2+ -work qrun.out/work -statslog qrun.out/stats_log -o qrun_opt 

Top level modules:
	sensor_reader

Analyzing design...
-- Loading program sensor_reader
Optimizing 2 design-units (inlining 0/1 module instances):
-- Optimizing package sensor_sv_unit(fast)
-- Optimizing program sensor_reader(fast)
** Warning: sensor.sv(13): (vopt-2240) Treating stand-alone use of function 'randomize' as an implicit VOID cast.
Optimized design name is qrun_opt
End time: 11:07:25 on Aug 16,2021, Elapsed time: 0:00:00
Errors: 0, Warnings: 1
# vsim -lib qrun.out/work -c -do "run -all; quit -f" -statslog qrun.out/stats_log qrun_opt -appendlog -l qrun.log 
# Start time: 11:07:26 on Aug 16,2021
# //  Questa Sim-64
# //  Version 2021.1_1 linux_x86_64 Feb 21 2021
# //
# //  Copyright 1991-2021 Mentor Graphics Corporation
# //  All Rights Reserved.
# //
# //  QuestaSim and its associated documentation contain trade
# //  secrets and commercial or financial information that are the property of
# //  Mentor Graphics Corporation and are privileged, confidential,
# //  and exempt from disclosure under the Freedom of Information Act,
# //  5 U.S.C. Section 552. Furthermore, this information
# //  is prohibited from disclosure under the Trade Secrets Act,
# //  18 U.S.C. Section 1905.
# //
# Loading sv_std.std
# Loading work.sensor_sv_unit(fast)
# Loading work.sensor_reader(fast)
# run -all
#          68
#          55
#          55
#          63
#          72
#          68
#          61
#          67
#          72
#          68
# [ 68, 55, 55, 63, 72, 68, 61, 67, 72, 68, ]
# ** Note: $finish    : sensor.sv(31)
#    Time: 10 ns  Iteration: 0  Instance: /sensor_reader
# End time: 11:07:26 on Aug 16,2021, Elapsed time: 0:00:00
# Errors: 0, Warnings: 0
# *** Summary *********************************************
#     qrun: Errors:   0, Warnings:   0
#     vlog: Errors:   0, Warnings:   1
#     vopt: Errors:   0, Warnings:   1
#     vsim: Errors:   0, Warnings:   0
#   Totals: Errors:   0, Warnings:   2
